<?xml version="1.0" encoding="UTF-8"?>
<!-- Generated by org.testng.reporters.JUnitXMLReporter -->
<testsuite ignored="0" hostname="Ulas" failures="0" tests="6" name="Default test" time="5.196" errors="0" timestamp="2023-01-24T14:19:28 CST">
  <testcase classname="api.test.DataDrivenTests" name="testPostUser" time="1.811"/>
  <testcase classname="api.test.DataDrivenTests" name="testPostUser" time="0.516"/>
  <testcase classname="api.test.DataDrivenTests" name="testPostUser" time="0.496"/>
  <testcase classname="api.test.DataDrivenTests" name="testDeleteUserByName" time="0.468"/>
  <testcase classname="api.test.DataDrivenTests" name="testDeleteUserByName" time="0.468"/>
  <testcase classname="api.test.DataDrivenTests" name="testDeleteUserByName" time="0.459"/>
</testsuite> <!-- Default test -->
