<?xml version="1.0" encoding="UTF-8"?>
<testng-results ignored="0" total="4" passed="4" failed="0" skipped="0">
  <reporter-output>
  </reporter-output>
  <suite started-at="2023-01-24T15:31:35 CST" name="PetSuite" finished-at="2023-01-24T15:31:39 CST" duration-ms="4452">
    <groups>
    </groups>
    <test started-at="2023-01-24T15:31:35 CST" name="PetTest" finished-at="2023-01-24T15:31:39 CST" duration-ms="4452">
      <class name="api.test.UserTests">
        <test-method is-config="true" signature="setUp()[pri:0, instance:api.test.UserTests@4659191b]" started-at="2023-01-24T15:31:35 CST" name="setUp" finished-at="2023-01-24T15:31:35 CST" duration-ms="497" status="PASS">
          <reporter-output>
          </reporter-output>
        </test-method> <!-- setUp -->
        <test-method signature="testPostUser()[pri:1, instance:api.test.UserTests@4659191b]" started-at="2023-01-24T15:31:35 CST" name="testPostUser" finished-at="2023-01-24T15:31:37 CST" duration-ms="1822" status="PASS">
          <reporter-output>
          </reporter-output>
        </test-method> <!-- testPostUser -->
        <test-method signature="testGetUserByName()[pri:2, instance:api.test.UserTests@4659191b]" started-at="2023-01-24T15:31:37 CST" name="testGetUserByName" finished-at="2023-01-24T15:31:38 CST" duration-ms="465" status="PASS">
          <reporter-output>
          </reporter-output>
        </test-method> <!-- testGetUserByName -->
        <test-method signature="testUpdateUserByName()[pri:3, instance:api.test.UserTests@4659191b]" started-at="2023-01-24T15:31:38 CST" name="testUpdateUserByName" finished-at="2023-01-24T15:31:39 CST" duration-ms="972" status="PASS">
          <reporter-output>
          </reporter-output>
        </test-method> <!-- testUpdateUserByName -->
        <test-method signature="testDeleteUserByName()[pri:4, instance:api.test.UserTests@4659191b]" started-at="2023-01-24T15:31:39 CST" name="testDeleteUserByName" finished-at="2023-01-24T15:31:39 CST" duration-ms="456" status="PASS">
          <reporter-output>
          </reporter-output>
        </test-method> <!-- testDeleteUserByName -->
      </class> <!-- api.test.UserTests -->
    </test> <!-- PetTest -->
  </suite> <!-- PetSuite -->
</testng-results>
