<?xml version="1.0" encoding="UTF-8"?>
<!-- Generated by org.testng.reporters.JUnitXMLReporter -->
<testsuite ignored="0" hostname="Ulas" failures="0" tests="4" name="PetTest" time="4.452" errors="0" timestamp="2023-01-24T15:31:39 CST">
  <testcase classname="api.test.UserTests" name="testPostUser" time="1.822"/>
  <testcase classname="api.test.UserTests" name="testGetUserByName" time="0.465"/>
  <testcase classname="api.test.UserTests" name="testUpdateUserByName" time="0.972"/>
  <testcase classname="api.test.UserTests" name="testDeleteUserByName" time="0.456"/>
</testsuite> <!-- PetTest -->
